<?xml version="1.0" encoding="UTF-8"?>
<!-- Generated by org.testng.reporters.JUnitXMLReporter -->
<testsuite hostname="ATMECSINLT-044" ignored="0" name="Default test" tests="5" failures="0" timestamp="18 Sep 2019 15:23:49 GMT" time="170.499" errors="0">
  <testcase name="signUp" time="17.593" classname="com.atmecs.phptravels.tests.PhpTravels_signUp"/>
  <testcase name="signUp" time="17.157" classname="com.atmecs.phptravels.tests.PhpTravels_signUp"/>
  <testcase name="signUp" time="15.598" classname="com.atmecs.phptravels.tests.PhpTravels_signUp"/>
  <testcase name="signUp" time="19.248" classname="com.atmecs.phptravels.tests.PhpTravels_signUp"/>
  <testcase name="signUp" time="18.743" classname="com.atmecs.phptravels.tests.PhpTravels_signUp"/>
</testsuite> <!-- Default test -->
